This file contains any messages produced by compilers while
running configure, to aid debugging if configure makes a mistake.

It was created by configure, which was
generated by GNU Autoconf 2.61.  Invocation command line was

  $ ./configure --host=arm-eabi CC=arm-eabi-gcc CPPFLAGS=-I /home/onaips/Desktop/android-ndk-r4-crystax/build/platforms/android-3/arch-arm/usr/include/ LDFLAGS=-Wl,-rpath-link=/home/onaips/Desktop/android-ndk-r4-crystax//build/platforms/android-3/arch-arm/usr/lib/ -L/home/onaips/Desktop/android-ndk-r4-crystax//build/platforms/android-3/arch-arm/usr/lib/ LIBS=-lc CFLAGS=-nostdlib

## --------- ##
## Platform. ##
## --------- ##

hostname = onaips-laptop
uname -m = i686
uname -r = 2.6.32-24-generic
uname -s = Linux
uname -v = #38-Ubuntu SMP Mon Jul 5 09:22:14 UTC 2010

/usr/bin/uname -p = unknown
/bin/uname -X     = unknown

/bin/arch              = unknown
/usr/bin/arch -k       = unknown
/usr/convex/getsysinfo = unknown
/usr/bin/hostinfo      = unknown
/bin/machine           = unknown
/usr/bin/oslevel       = unknown
/bin/universe          = unknown

PATH: /home/onaips/Desktop/android-ndk-r4-crystax//build/prebuilt/linux-x86/arm-eabi-4.2.1/bin/
PATH: /home/onaips/Desktop/android-ndk-r4-crystax//build/prebuilt/linux-x86/toolchain/arm-eabi-4.2.1/bin/
PATH: /home/onaips/Desktop/android-ndk-r4-crystax//bin
PATH: /home/onaips/Desktop/android-ndk-r4-crystax/
PATH: /home/onaips/pacotes/arm-sdk/bin
PATH: /usr/local/sbin
PATH: /usr/local/bin
PATH: /usr/sbin
PATH: /usr/bin
PATH: /sbin
PATH: /bin
PATH: /usr/games
PATH: /home/onaips/Desktop/android-ndk-r4-crystax//prebuilt/linux-x86/toolchain/arm-eabi-4.2.1/bin/
PATH: /home/onaips/Desktop/android-ndk-r4-crystax//prebuilt/linux-x86/toolchain/arm-eabi-4.2.1/bin/
PATH: /home/onaips/Desktop/android-ndk-r4-crystax//build/prebuilt/linux-x86/toolchain/arm-eabi-4.2.1/bin/


## ----------- ##
## Core tests. ##
## ----------- ##

configure:1966: checking for a BSD-compatible install
configure:2022: result: /usr/bin/install -c
configure:2033: checking whether build environment is sane
configure:2076: result: yes
configure:2141: checking for gawk
configure:2157: found /usr/bin/gawk
configure:2168: result: gawk
configure:2179: checking whether make sets $(MAKE)
configure:2200: result: yes
configure:2276: checking for arm-eabi-strip
configure:2292: found /home/onaips/Desktop/android-ndk-r4-crystax//build/prebuilt/linux-x86/arm-eabi-4.2.1/bin//arm-eabi-strip
configure:2303: result: arm-eabi-strip
configure:2384: checking whether to enable maintainer-specific portions of Makefiles
configure:2393: result: no
configure:2425: checking for arm-eabi-gcc
configure:2452: result: arm-eabi-gcc
configure:2730: checking for C compiler version
configure:2737: arm-eabi-gcc --version >&5
arm-eabi-gcc (GCC) 4.2.1
Copyright (C) 2007 Free Software Foundation, Inc.
This is free software; see the source for copying conditions.  There is NO
warranty; not even for MERCHANTABILITY or FITNESS FOR A PARTICULAR PURPOSE.

configure:2740: $? = 0
configure:2747: arm-eabi-gcc -v >&5
Using built-in specs.
Target: arm-eabi
Configured with: /tmp/ndk-toolchain-Dz5542/src/build/../gcc/gcc-4.2.1/configure --prefix=/tmp/ndk-prebuilt-5501/build/prebuilt/linux-x86/arm-eabi-4.2.1 --target=arm-eabi --host=i686-pc-linux-gnu --build=i686-pc-linux-gnu --enable-languages=c,c++ --disable-libssp --enable-threads --disable-nls --disable-libmudflap --disable-libgomp --disable-libstdc__-v3 --disable-sjlj-exceptions --disable-shared --disable-tls --with-float=soft --with-fpu=vfp --with-arch=armv5te --enable-target-optspace --with-abi=aapcs --disable-nls --prefix=/tmp/ndk-prebuilt-5501/build/prebuilt/linux-x86/arm-eabi-4.2.1 --with-sysroot=/opt/android/android-ndk-r4-crystax/build/platforms/android-3/arch-arm --enable-libstdc__-v3 --enable-threads=posix --with-binutils-version=2.19 --with-gcc-version=4.2.1 --with-gdb-version=6.6 --program-transform-name=s&^&arm-eabi-&
Thread model: posix
gcc version 4.2.1
configure:2750: $? = 0
configure:2757: arm-eabi-gcc -V >&5
arm-eabi-gcc: '-V' option must have argument
configure:2760: $? = 1
configure:2783: checking for C compiler default output file name
configure:2810: arm-eabi-gcc -nostdlib -I /home/onaips/Desktop/android-ndk-r4-crystax/build/platforms/android-3/arch-arm/usr/include/ -Wl,-rpath-link=/home/onaips/Desktop/android-ndk-r4-crystax//build/platforms/android-3/arch-arm/usr/lib/ -L/home/onaips/Desktop/android-ndk-r4-crystax//build/platforms/android-3/arch-arm/usr/lib/ conftest.c -lc >&5
/home/onaips/Desktop/android-ndk-r4-crystax/build/prebuilt/linux-x86/arm-eabi-4.2.1/bin/../lib/gcc/arm-eabi/4.2.1/../../../../arm-eabi/bin/ld: warning: cannot find entry symbol _start; defaulting to 00008278
configure:2813: $? = 0
configure:2851: result: a.out
configure:2868: checking whether the C compiler works
configure:2878: ./a.out
./configure: line 2879: ./a.out: cannot execute binary file
configure:2881: $? = 126
configure:2898: result: yes
configure:2905: checking whether we are cross compiling
configure:2907: result: yes
configure:2910: checking for suffix of executables
configure:2917: arm-eabi-gcc -o conftest -nostdlib -I /home/onaips/Desktop/android-ndk-r4-crystax/build/platforms/android-3/arch-arm/usr/include/ -Wl,-rpath-link=/home/onaips/Desktop/android-ndk-r4-crystax//build/platforms/android-3/arch-arm/usr/lib/ -L/home/onaips/Desktop/android-ndk-r4-crystax//build/platforms/android-3/arch-arm/usr/lib/ conftest.c -lc >&5
/home/onaips/Desktop/android-ndk-r4-crystax/build/prebuilt/linux-x86/arm-eabi-4.2.1/bin/../lib/gcc/arm-eabi/4.2.1/../../../../arm-eabi/bin/ld: warning: cannot find entry symbol _start; defaulting to 00008278
configure:2920: $? = 0
configure:2944: result: 
configure:2950: checking for suffix of object files
configure:2976: arm-eabi-gcc -c -nostdlib -I /home/onaips/Desktop/android-ndk-r4-crystax/build/platforms/android-3/arch-arm/usr/include/ conftest.c >&5
configure:2979: $? = 0
configure:3002: result: o
configure:3006: checking whether we are using the GNU C compiler
configure:3035: arm-eabi-gcc -c -nostdlib -I /home/onaips/Desktop/android-ndk-r4-crystax/build/platforms/android-3/arch-arm/usr/include/ conftest.c >&5
configure:3041: $? = 0
configure:3058: result: yes
configure:3063: checking whether arm-eabi-gcc accepts -g
configure:3093: arm-eabi-gcc -c -g -I /home/onaips/Desktop/android-ndk-r4-crystax/build/platforms/android-3/arch-arm/usr/include/ conftest.c >&5
configure:3099: $? = 0
configure:3198: result: yes
configure:3215: checking for arm-eabi-gcc option to accept ISO C89
configure:3289: arm-eabi-gcc  -c -nostdlib -I /home/onaips/Desktop/android-ndk-r4-crystax/build/platforms/android-3/arch-arm/usr/include/ conftest.c >&5
configure:3295: $? = 0
configure:3318: result: none needed
configure:3347: checking for style of include used by make
configure:3375: result: GNU
configure:3403: checking dependency style of arm-eabi-gcc
configure:3493: result: gcc3
configure:3541: checking build system type
configure:3559: result: i686-pc-linux-gnulibc1
configure:3581: checking host system type
configure:3596: result: arm-unknown-eabi
configure:3618: checking for a sed that does not truncate output
configure:3697: result: /bin/sed
configure:3715: checking for grep that handles long lines and -e
configure:3789: result: /bin/grep
configure:3794: checking for egrep
configure:3872: result: /bin/grep -E
configure:3877: checking for fgrep
configure:3955: result: /bin/grep -F
configure:3990: checking for ld used by arm-eabi-gcc
configure:4057: result: /home/onaips/Desktop/android-ndk-r4-crystax/build/prebuilt/linux-x86/arm-eabi-4.2.1/arm-eabi/bin/ld
configure:4066: checking if the linker (/home/onaips/Desktop/android-ndk-r4-crystax/build/prebuilt/linux-x86/arm-eabi-4.2.1/arm-eabi/bin/ld) is GNU ld
configure:4081: result: yes
configure:4093: checking for BSD- or MS-compatible name lister (nm)
configure:4142: result: /home/onaips/Desktop/android-ndk-r4-crystax//build/prebuilt/linux-x86/arm-eabi-4.2.1/bin//arm-eabi-nm -B
configure:4264: checking the name lister (/home/onaips/Desktop/android-ndk-r4-crystax//build/prebuilt/linux-x86/arm-eabi-4.2.1/bin//arm-eabi-nm -B) interface
configure:4271: arm-eabi-gcc -c -nostdlib -I /home/onaips/Desktop/android-ndk-r4-crystax/build/platforms/android-3/arch-arm/usr/include/ conftest.c >&5
configure:4274: /home/onaips/Desktop/android-ndk-r4-crystax//build/prebuilt/linux-x86/arm-eabi-4.2.1/bin//arm-eabi-nm -B "conftest.o"
configure:4277: output
00000000 B some_variable
configure:4284: result: BSD nm
configure:4287: checking whether ln -s works
configure:4291: result: yes
configure:4299: checking the maximum length of command line arguments
configure:4419: result: 1572864
configure:4436: checking whether the shell understands some XSI constructs
configure:4446: result: yes
configure:4450: checking whether the shell understands "+="
configure:4456: result: yes
configure:4491: checking for /home/onaips/Desktop/android-ndk-r4-crystax/build/prebuilt/linux-x86/arm-eabi-4.2.1/arm-eabi/bin/ld option to reload object files
configure:4498: result: -r
configure:4527: checking for arm-eabi-objdump
configure:4543: found /home/onaips/Desktop/android-ndk-r4-crystax//build/prebuilt/linux-x86/arm-eabi-4.2.1/bin//arm-eabi-objdump
configure:4554: result: arm-eabi-objdump
configure:4630: checking how to recognize dependent libraries
configure:4826: result: unknown
configure:4846: checking for arm-eabi-ar
configure:4862: found /home/onaips/Desktop/android-ndk-r4-crystax//build/prebuilt/linux-x86/arm-eabi-4.2.1/bin//arm-eabi-ar
configure:4873: result: arm-eabi-ar
configure:4955: checking for arm-eabi-strip
configure:4982: result: arm-eabi-strip
configure:5058: checking for arm-eabi-ranlib
configure:5074: found /home/onaips/Desktop/android-ndk-r4-crystax//build/prebuilt/linux-x86/arm-eabi-4.2.1/bin//arm-eabi-ranlib
configure:5085: result: arm-eabi-ranlib
configure:5219: checking command to parse /home/onaips/Desktop/android-ndk-r4-crystax//build/prebuilt/linux-x86/arm-eabi-4.2.1/bin//arm-eabi-nm -B output from arm-eabi-gcc object
configure:5337: arm-eabi-gcc -c -nostdlib -I /home/onaips/Desktop/android-ndk-r4-crystax/build/platforms/android-3/arch-arm/usr/include/ conftest.c >&5
configure:5340: $? = 0
configure:5344: /home/onaips/Desktop/android-ndk-r4-crystax//build/prebuilt/linux-x86/arm-eabi-4.2.1/bin//arm-eabi-nm -B conftest.o \| sed -n -e 's/^.*[	 ]\([ABCDGIRSTW][ABCDGIRSTW]*\)[	 ][	 ]*\([_A-Za-z][_A-Za-z0-9]*\)$/\1 \2 \2/p' \> conftest.nm
configure:5347: $? = 0
configure:5401: arm-eabi-gcc -o conftest -nostdlib -I /home/onaips/Desktop/android-ndk-r4-crystax/build/platforms/android-3/arch-arm/usr/include/ -Wl,-rpath-link=/home/onaips/Desktop/android-ndk-r4-crystax//build/platforms/android-3/arch-arm/usr/lib/ -L/home/onaips/Desktop/android-ndk-r4-crystax//build/platforms/android-3/arch-arm/usr/lib/ conftest.c conftstm.o >&5
/home/onaips/Desktop/android-ndk-r4-crystax/build/prebuilt/linux-x86/arm-eabi-4.2.1/bin/../lib/gcc/arm-eabi/4.2.1/../../../../arm-eabi/bin/ld: warning: cannot find entry symbol _start; defaulting to 00008094
configure:5404: $? = 0
configure:5442: result: ok
configure:6321: checking how to run the C preprocessor
configure:6361: arm-eabi-gcc -E -I /home/onaips/Desktop/android-ndk-r4-crystax/build/platforms/android-3/arch-arm/usr/include/ conftest.c
configure:6367: $? = 0
configure:6398: arm-eabi-gcc -E -I /home/onaips/Desktop/android-ndk-r4-crystax/build/platforms/android-3/arch-arm/usr/include/ conftest.c
conftest.c:10:28: error: ac_nonexistent.h: No such file or directory
configure:6404: $? = 1
configure: failed program was:
| /* confdefs.h.  */
| #define PACKAGE_NAME ""
| #define PACKAGE_TARNAME ""
| #define PACKAGE_VERSION ""
| #define PACKAGE_STRING ""
| #define PACKAGE_BUGREPORT ""
| #define PACKAGE "libogg"
| #define VERSION "1.2.0"
| /* end confdefs.h.  */
| #include <ac_nonexistent.h>
configure:6437: result: arm-eabi-gcc -E
configure:6466: arm-eabi-gcc -E -I /home/onaips/Desktop/android-ndk-r4-crystax/build/platforms/android-3/arch-arm/usr/include/ conftest.c
configure:6472: $? = 0
configure:6503: arm-eabi-gcc -E -I /home/onaips/Desktop/android-ndk-r4-crystax/build/platforms/android-3/arch-arm/usr/include/ conftest.c
conftest.c:10:28: error: ac_nonexistent.h: No such file or directory
configure:6509: $? = 1
configure: failed program was:
| /* confdefs.h.  */
| #define PACKAGE_NAME ""
| #define PACKAGE_TARNAME ""
| #define PACKAGE_VERSION ""
| #define PACKAGE_STRING ""
| #define PACKAGE_BUGREPORT ""
| #define PACKAGE "libogg"
| #define VERSION "1.2.0"
| /* end confdefs.h.  */
| #include <ac_nonexistent.h>
configure:6547: checking for ANSI C header files
configure:6577: arm-eabi-gcc -c -nostdlib -I /home/onaips/Desktop/android-ndk-r4-crystax/build/platforms/android-3/arch-arm/usr/include/ conftest.c >&5
configure:6583: $? = 0
configure:6711: result: yes
configure:6735: checking for sys/types.h
configure:6756: arm-eabi-gcc -c -nostdlib -I /home/onaips/Desktop/android-ndk-r4-crystax/build/platforms/android-3/arch-arm/usr/include/ conftest.c >&5
configure:6762: $? = 0
configure:6778: result: yes
configure:6735: checking for sys/stat.h
configure:6756: arm-eabi-gcc -c -nostdlib -I /home/onaips/Desktop/android-ndk-r4-crystax/build/platforms/android-3/arch-arm/usr/include/ conftest.c >&5
configure:6762: $? = 0
configure:6778: result: yes
configure:6735: checking for stdlib.h
configure:6756: arm-eabi-gcc -c -nostdlib -I /home/onaips/Desktop/android-ndk-r4-crystax/build/platforms/android-3/arch-arm/usr/include/ conftest.c >&5
configure:6762: $? = 0
configure:6778: result: yes
configure:6735: checking for string.h
configure:6756: arm-eabi-gcc -c -nostdlib -I /home/onaips/Desktop/android-ndk-r4-crystax/build/platforms/android-3/arch-arm/usr/include/ conftest.c >&5
configure:6762: $? = 0
configure:6778: result: yes
configure:6735: checking for memory.h
configure:6756: arm-eabi-gcc -c -nostdlib -I /home/onaips/Desktop/android-ndk-r4-crystax/build/platforms/android-3/arch-arm/usr/include/ conftest.c >&5
configure:6762: $? = 0
configure:6778: result: yes
configure:6735: checking for strings.h
configure:6756: arm-eabi-gcc -c -nostdlib -I /home/onaips/Desktop/android-ndk-r4-crystax/build/platforms/android-3/arch-arm/usr/include/ conftest.c >&5
configure:6762: $? = 0
configure:6778: result: yes
configure:6735: checking for inttypes.h
configure:6756: arm-eabi-gcc -c -nostdlib -I /home/onaips/Desktop/android-ndk-r4-crystax/build/platforms/android-3/arch-arm/usr/include/ conftest.c >&5
configure:6762: $? = 0
configure:6778: result: yes
configure:6735: checking for stdint.h
configure:6756: arm-eabi-gcc -c -nostdlib -I /home/onaips/Desktop/android-ndk-r4-crystax/build/platforms/android-3/arch-arm/usr/include/ conftest.c >&5
configure:6762: $? = 0
configure:6778: result: yes
configure:6735: checking for unistd.h
configure:6756: arm-eabi-gcc -c -nostdlib -I /home/onaips/Desktop/android-ndk-r4-crystax/build/platforms/android-3/arch-arm/usr/include/ conftest.c >&5
configure:6762: $? = 0
configure:6778: result: yes
configure:6794: checking for dlfcn.h
configure:6815: arm-eabi-gcc -c -nostdlib -I /home/onaips/Desktop/android-ndk-r4-crystax/build/platforms/android-3/arch-arm/usr/include/ conftest.c >&5
configure:6821: $? = 0
configure:6837: result: yes
configure:7021: checking for objdir
configure:7036: result: .libs
configure:7328: checking if arm-eabi-gcc supports -fno-rtti -fno-exceptions
configure:7346: arm-eabi-gcc -c -nostdlib -I /home/onaips/Desktop/android-ndk-r4-crystax/build/platforms/android-3/arch-arm/usr/include/ -fno-rtti -fno-exceptions conftest.c >&5
cc1: warning: command line option "-fno-rtti" is valid for C++/ObjC++ but not for C
configure:7350: $? = 0
configure:7363: result: no
configure:7383: checking for arm-eabi-gcc option to produce PIC
configure:7655: result: -fPIC -DPIC
configure:7667: checking if arm-eabi-gcc PIC flag -fPIC -DPIC works
configure:7685: arm-eabi-gcc -c -nostdlib -I /home/onaips/Desktop/android-ndk-r4-crystax/build/platforms/android-3/arch-arm/usr/include/ -fPIC -DPIC -DPIC conftest.c >&5
configure:7689: $? = 0
configure:7702: result: yes
configure:7726: checking if arm-eabi-gcc static flag -static works
/home/onaips/Desktop/android-ndk-r4-crystax/build/prebuilt/linux-x86/arm-eabi-4.2.1/bin/../lib/gcc/arm-eabi/4.2.1/../../../../arm-eabi/bin/ld: warning: cannot find entry symbol _start; defaulting to 00008074
configure:7754: result: no
configure:7769: checking if arm-eabi-gcc supports -c -o file.o
configure:7790: arm-eabi-gcc -c -nostdlib -I /home/onaips/Desktop/android-ndk-r4-crystax/build/platforms/android-3/arch-arm/usr/include/ -o out/conftest2.o conftest.c >&5
configure:7794: $? = 0
configure:7816: result: yes
configure:7824: checking if arm-eabi-gcc supports -c -o file.o
configure:7871: result: yes
configure:7904: checking whether the arm-eabi-gcc linker (/home/onaips/Desktop/android-ndk-r4-crystax/build/prebuilt/linux-x86/arm-eabi-4.2.1/arm-eabi/bin/ld) supports shared libraries
configure:8970: result: yes
configure:9007: checking whether -lc should be explicitly linked in
configure:9012: arm-eabi-gcc -c -nostdlib -I /home/onaips/Desktop/android-ndk-r4-crystax/build/platforms/android-3/arch-arm/usr/include/ conftest.c >&5
configure:9015: $? = 0
configure:9030: arm-eabi-gcc -shared conftest.o  -v -Wl,-soname -Wl,conftest -o conftest 2\>\&1 \| /bin/grep  -lc  \>/dev/null 2\>\&1
configure:9033: $? = 1
configure:9045: result: yes
configure:9209: checking dynamic linker characteristics
configure:9900: result: no
configure:10002: checking how to hardcode library paths into programs
configure:10027: result: immediate
configure:10832: checking whether stripping libraries is possible
configure:10837: result: yes
configure:10872: checking if libtool supports shared libraries
configure:10874: result: no
configure:10877: checking whether to build shared libraries
configure:10898: result: no
configure:10901: checking whether to build static libraries
configure:10905: result: yes
configure:10941: checking whether arm-eabi-gcc and cc understand -c and -o together
configure:10976: arm-eabi-gcc -c conftest.c -o conftest2.o >&5
configure:10979: $? = 0
configure:10985: arm-eabi-gcc -c conftest.c -o conftest2.o >&5
configure:10988: $? = 0
configure:10999: cc -c conftest.c >&5
configure:11002: $? = 0
configure:11010: cc -c conftest.c -o conftest2.o >&5
configure:11013: $? = 0
configure:11019: cc -c conftest.c -o conftest2.o >&5
configure:11022: $? = 0
configure:11040: result: yes
configure:11170: checking for ANSI C header files
configure:11334: result: yes
configure:11345: checking for an ANSI C-conforming const
configure:11420: arm-eabi-gcc -c -O20 -fsigned-char -nostdlib -I /home/onaips/Desktop/android-ndk-r4-crystax/build/platforms/android-3/arch-arm/usr/include/ conftest.c >&5
configure:11426: $? = 0
configure:11441: result: yes
configure:11453: checking for int16_t
configure:11512: result: no
configure:11515: checking for int32_t
configure:11574: result: no
configure:11577: checking for uint32_t
configure:11636: result: no
configure:11639: checking for uint16_t
configure:11698: result: no
configure:11701: checking for u_int32_t
configure:11760: result: no
configure:11763: checking for u_int16_t
configure:11822: result: no
configure:11825: checking for int64_t
configure:11884: result: no
configure:11887: checking for short
configure:11917: arm-eabi-gcc -c -O20 -fsigned-char -nostdlib -I /home/onaips/Desktop/android-ndk-r4-crystax/build/platforms/android-3/arch-arm/usr/include/ conftest.c >&5
configure:11923: $? = 0
configure:11938: result: yes
configure:11945: checking size of short
configure:11976: arm-eabi-gcc -c -O20 -fsigned-char -nostdlib -I /home/onaips/Desktop/android-ndk-r4-crystax/build/platforms/android-3/arch-arm/usr/include/ conftest.c >&5
configure:11982: $? = 0
configure:12013: arm-eabi-gcc -c -O20 -fsigned-char -nostdlib -I /home/onaips/Desktop/android-ndk-r4-crystax/build/platforms/android-3/arch-arm/usr/include/ conftest.c >&5
conftest.c: In function 'main':
conftest.c:60: error: size of array 'test_array' is negative
configure:12019: $? = 1
configure: failed program was:
| /* confdefs.h.  */
| #define PACKAGE_NAME ""
| #define PACKAGE_TARNAME ""
| #define PACKAGE_VERSION ""
| #define PACKAGE_STRING ""
| #define PACKAGE_BUGREPORT ""
| #define PACKAGE "libogg"
| #define VERSION "1.2.0"
| #define STDC_HEADERS 1
| #define HAVE_SYS_TYPES_H 1
| #define HAVE_SYS_STAT_H 1
| #define HAVE_STDLIB_H 1
| #define HAVE_STRING_H 1
| #define HAVE_MEMORY_H 1
| #define HAVE_STRINGS_H 1
| #define HAVE_INTTYPES_H 1
| #define HAVE_STDINT_H 1
| #define HAVE_UNISTD_H 1
| #define HAVE_DLFCN_H 1
| #define LT_OBJDIR ".libs/"
| #define STDC_HEADERS 1
| /* end confdefs.h.  */
| #include <stdio.h>
| #ifdef HAVE_SYS_TYPES_H
| # include <sys/types.h>
| #endif
| #ifdef HAVE_SYS_STAT_H
| # include <sys/stat.h>
| #endif
| #ifdef STDC_HEADERS
| # include <stdlib.h>
| # include <stddef.h>
| #else
| # ifdef HAVE_STDLIB_H
| #  include <stdlib.h>
| # endif
| #endif
| #ifdef HAVE_STRING_H
| # if !defined STDC_HEADERS && defined HAVE_MEMORY_H
| #  include <memory.h>
| # endif
| # include <string.h>
| #endif
| #ifdef HAVE_STRINGS_H
| # include <strings.h>
| #endif
| #ifdef HAVE_INTTYPES_H
| # include <inttypes.h>
| #endif
| #ifdef HAVE_STDINT_H
| # include <stdint.h>
| #endif
| #ifdef HAVE_UNISTD_H
| # include <unistd.h>
| #endif
|    typedef short ac__type_sizeof_;
| int
| main ()
| {
| static int test_array [1 - 2 * !(((long int) (sizeof (ac__type_sizeof_))) <= 0)];
| test_array [0] = 0
| 
|   ;
|   return 0;
| }
configure:12013: arm-eabi-gcc -c -O20 -fsigned-char -nostdlib -I /home/onaips/Desktop/android-ndk-r4-crystax/build/platforms/android-3/arch-arm/usr/include/ conftest.c >&5
conftest.c: In function 'main':
conftest.c:60: error: size of array 'test_array' is negative
configure:12019: $? = 1
configure: failed program was:
| /* confdefs.h.  */
| #define PACKAGE_NAME ""
| #define PACKAGE_TARNAME ""
| #define PACKAGE_VERSION ""
| #define PACKAGE_STRING ""
| #define PACKAGE_BUGREPORT ""
| #define PACKAGE "libogg"
| #define VERSION "1.2.0"
| #define STDC_HEADERS 1
| #define HAVE_SYS_TYPES_H 1
| #define HAVE_SYS_STAT_H 1
| #define HAVE_STDLIB_H 1
| #define HAVE_STRING_H 1
| #define HAVE_MEMORY_H 1
| #define HAVE_STRINGS_H 1
| #define HAVE_INTTYPES_H 1
| #define HAVE_STDINT_H 1
| #define HAVE_UNISTD_H 1
| #define HAVE_DLFCN_H 1
| #define LT_OBJDIR ".libs/"
| #define STDC_HEADERS 1
| /* end confdefs.h.  */
| #include <stdio.h>
| #ifdef HAVE_SYS_TYPES_H
| # include <sys/types.h>
| #endif
| #ifdef HAVE_SYS_STAT_H
| # include <sys/stat.h>
| #endif
| #ifdef STDC_HEADERS
| # include <stdlib.h>
| # include <stddef.h>
| #else
| # ifdef HAVE_STDLIB_H
| #  include <stdlib.h>
| # endif
| #endif
| #ifdef HAVE_STRING_H
| # if !defined STDC_HEADERS && defined HAVE_MEMORY_H
| #  include <memory.h>
| # endif
| # include <string.h>
| #endif
| #ifdef HAVE_STRINGS_H
| # include <strings.h>
| #endif
| #ifdef HAVE_INTTYPES_H
| # include <inttypes.h>
| #endif
| #ifdef HAVE_STDINT_H
| # include <stdint.h>
| #endif
| #ifdef HAVE_UNISTD_H
| # include <unistd.h>
| #endif
|    typedef short ac__type_sizeof_;
| int
| main ()
| {
| static int test_array [1 - 2 * !(((long int) (sizeof (ac__type_sizeof_))) <= 1)];
| test_array [0] = 0
| 
|   ;
|   return 0;
| }
configure:12013: arm-eabi-gcc -c -O20 -fsigned-char -nostdlib -I /home/onaips/Desktop/android-ndk-r4-crystax/build/platforms/android-3/arch-arm/usr/include/ conftest.c >&5
configure:12019: $? = 0
configure:12168: arm-eabi-gcc -c -O20 -fsigned-char -nostdlib -I /home/onaips/Desktop/android-ndk-r4-crystax/build/platforms/android-3/arch-arm/usr/include/ conftest.c >&5
configure:12174: $? = 0
configure:12282: result: 2
configure:12292: checking for int
configure:12322: arm-eabi-gcc -c -O20 -fsigned-char -nostdlib -I /home/onaips/Desktop/android-ndk-r4-crystax/build/platforms/android-3/arch-arm/usr/include/ conftest.c >&5
configure:12328: $? = 0
configure:12343: result: yes
configure:12350: checking size of int
configure:12381: arm-eabi-gcc -c -O20 -fsigned-char -nostdlib -I /home/onaips/Desktop/android-ndk-r4-crystax/build/platforms/android-3/arch-arm/usr/include/ conftest.c >&5
configure:12387: $? = 0
configure:12418: arm-eabi-gcc -c -O20 -fsigned-char -nostdlib -I /home/onaips/Desktop/android-ndk-r4-crystax/build/platforms/android-3/arch-arm/usr/include/ conftest.c >&5
conftest.c: In function 'main':
conftest.c:61: error: size of array 'test_array' is negative
configure:12424: $? = 1
configure: failed program was:
| /* confdefs.h.  */
| #define PACKAGE_NAME ""
| #define PACKAGE_TARNAME ""
| #define PACKAGE_VERSION ""
| #define PACKAGE_STRING ""
| #define PACKAGE_BUGREPORT ""
| #define PACKAGE "libogg"
| #define VERSION "1.2.0"
| #define STDC_HEADERS 1
| #define HAVE_SYS_TYPES_H 1
| #define HAVE_SYS_STAT_H 1
| #define HAVE_STDLIB_H 1
| #define HAVE_STRING_H 1
| #define HAVE_MEMORY_H 1
| #define HAVE_STRINGS_H 1
| #define HAVE_INTTYPES_H 1
| #define HAVE_STDINT_H 1
| #define HAVE_UNISTD_H 1
| #define HAVE_DLFCN_H 1
| #define LT_OBJDIR ".libs/"
| #define STDC_HEADERS 1
| #define SIZEOF_SHORT 2
| /* end confdefs.h.  */
| #include <stdio.h>
| #ifdef HAVE_SYS_TYPES_H
| # include <sys/types.h>
| #endif
| #ifdef HAVE_SYS_STAT_H
| # include <sys/stat.h>
| #endif
| #ifdef STDC_HEADERS
| # include <stdlib.h>
| # include <stddef.h>
| #else
| # ifdef HAVE_STDLIB_H
| #  include <stdlib.h>
| # endif
| #endif
| #ifdef HAVE_STRING_H
| # if !defined STDC_HEADERS && defined HAVE_MEMORY_H
| #  include <memory.h>
| # endif
| # include <string.h>
| #endif
| #ifdef HAVE_STRINGS_H
| # include <strings.h>
| #endif
| #ifdef HAVE_INTTYPES_H
| # include <inttypes.h>
| #endif
| #ifdef HAVE_STDINT_H
| # include <stdint.h>
| #endif
| #ifdef HAVE_UNISTD_H
| # include <unistd.h>
| #endif
|    typedef int ac__type_sizeof_;
| int
| main ()
| {
| static int test_array [1 - 2 * !(((long int) (sizeof (ac__type_sizeof_))) <= 0)];
| test_array [0] = 0
| 
|   ;
|   return 0;
| }
configure:12418: arm-eabi-gcc -c -O20 -fsigned-char -nostdlib -I /home/onaips/Desktop/android-ndk-r4-crystax/build/platforms/android-3/arch-arm/usr/include/ conftest.c >&5
conftest.c: In function 'main':
conftest.c:61: error: size of array 'test_array' is negative
configure:12424: $? = 1
configure: failed program was:
| /* confdefs.h.  */
| #define PACKAGE_NAME ""
| #define PACKAGE_TARNAME ""
| #define PACKAGE_VERSION ""
| #define PACKAGE_STRING ""
| #define PACKAGE_BUGREPORT ""
| #define PACKAGE "libogg"
| #define VERSION "1.2.0"
| #define STDC_HEADERS 1
| #define HAVE_SYS_TYPES_H 1
| #define HAVE_SYS_STAT_H 1
| #define HAVE_STDLIB_H 1
| #define HAVE_STRING_H 1
| #define HAVE_MEMORY_H 1
| #define HAVE_STRINGS_H 1
| #define HAVE_INTTYPES_H 1
| #define HAVE_STDINT_H 1
| #define HAVE_UNISTD_H 1
| #define HAVE_DLFCN_H 1
| #define LT_OBJDIR ".libs/"
| #define STDC_HEADERS 1
| #define SIZEOF_SHORT 2
| /* end confdefs.h.  */
| #include <stdio.h>
| #ifdef HAVE_SYS_TYPES_H
| # include <sys/types.h>
| #endif
| #ifdef HAVE_SYS_STAT_H
| # include <sys/stat.h>
| #endif
| #ifdef STDC_HEADERS
| # include <stdlib.h>
| # include <stddef.h>
| #else
| # ifdef HAVE_STDLIB_H
| #  include <stdlib.h>
| # endif
| #endif
| #ifdef HAVE_STRING_H
| # if !defined STDC_HEADERS && defined HAVE_MEMORY_H
| #  include <memory.h>
| # endif
| # include <string.h>
| #endif
| #ifdef HAVE_STRINGS_H
| # include <strings.h>
| #endif
| #ifdef HAVE_INTTYPES_H
| # include <inttypes.h>
| #endif
| #ifdef HAVE_STDINT_H
| # include <stdint.h>
| #endif
| #ifdef HAVE_UNISTD_H
| # include <unistd.h>
| #endif
|    typedef int ac__type_sizeof_;
| int
| main ()
| {
| static int test_array [1 - 2 * !(((long int) (sizeof (ac__type_sizeof_))) <= 1)];
| test_array [0] = 0
| 
|   ;
|   return 0;
| }
configure:12418: arm-eabi-gcc -c -O20 -fsigned-char -nostdlib -I /home/onaips/Desktop/android-ndk-r4-crystax/build/platforms/android-3/arch-arm/usr/include/ conftest.c >&5
conftest.c: In function 'main':
conftest.c:61: error: size of array 'test_array' is negative
configure:12424: $? = 1
configure: failed program was:
| /* confdefs.h.  */
| #define PACKAGE_NAME ""
| #define PACKAGE_TARNAME ""
| #define PACKAGE_VERSION ""
| #define PACKAGE_STRING ""
| #define PACKAGE_BUGREPORT ""
| #define PACKAGE "libogg"
| #define VERSION "1.2.0"
| #define STDC_HEADERS 1
| #define HAVE_SYS_TYPES_H 1
| #define HAVE_SYS_STAT_H 1
| #define HAVE_STDLIB_H 1
| #define HAVE_STRING_H 1
| #define HAVE_MEMORY_H 1
| #define HAVE_STRINGS_H 1
| #define HAVE_INTTYPES_H 1
| #define HAVE_STDINT_H 1
| #define HAVE_UNISTD_H 1
| #define HAVE_DLFCN_H 1
| #define LT_OBJDIR ".libs/"
| #define STDC_HEADERS 1
| #define SIZEOF_SHORT 2
| /* end confdefs.h.  */
| #include <stdio.h>
| #ifdef HAVE_SYS_TYPES_H
| # include <sys/types.h>
| #endif
| #ifdef HAVE_SYS_STAT_H
| # include <sys/stat.h>
| #endif
| #ifdef STDC_HEADERS
| # include <stdlib.h>
| # include <stddef.h>
| #else
| # ifdef HAVE_STDLIB_H
| #  include <stdlib.h>
| # endif
| #endif
| #ifdef HAVE_STRING_H
| # if !defined STDC_HEADERS && defined HAVE_MEMORY_H
| #  include <memory.h>
| # endif
| # include <string.h>
| #endif
| #ifdef HAVE_STRINGS_H
| # include <strings.h>
| #endif
| #ifdef HAVE_INTTYPES_H
| # include <inttypes.h>
| #endif
| #ifdef HAVE_STDINT_H
| # include <stdint.h>
| #endif
| #ifdef HAVE_UNISTD_H
| # include <unistd.h>
| #endif
|    typedef int ac__type_sizeof_;
| int
| main ()
| {
| static int test_array [1 - 2 * !(((long int) (sizeof (ac__type_sizeof_))) <= 3)];
| test_array [0] = 0
| 
|   ;
|   return 0;
| }
configure:12418: arm-eabi-gcc -c -O20 -fsigned-char -nostdlib -I /home/onaips/Desktop/android-ndk-r4-crystax/build/platforms/android-3/arch-arm/usr/include/ conftest.c >&5
configure:12424: $? = 0
configure:12573: arm-eabi-gcc -c -O20 -fsigned-char -nostdlib -I /home/onaips/Desktop/android-ndk-r4-crystax/build/platforms/android-3/arch-arm/usr/include/ conftest.c >&5
configure:12579: $? = 0
configure:12573: arm-eabi-gcc -c -O20 -fsigned-char -nostdlib -I /home/onaips/Desktop/android-ndk-r4-crystax/build/platforms/android-3/arch-arm/usr/include/ conftest.c >&5
configure:12579: $? = 0
configure:12687: result: 4
configure:12697: checking for long
configure:12727: arm-eabi-gcc -c -O20 -fsigned-char -nostdlib -I /home/onaips/Desktop/android-ndk-r4-crystax/build/platforms/android-3/arch-arm/usr/include/ conftest.c >&5
configure:12733: $? = 0
configure:12748: result: yes
configure:12755: checking size of long
configure:12786: arm-eabi-gcc -c -O20 -fsigned-char -nostdlib -I /home/onaips/Desktop/android-ndk-r4-crystax/build/platforms/android-3/arch-arm/usr/include/ conftest.c >&5
configure:12792: $? = 0
configure:12823: arm-eabi-gcc -c -O20 -fsigned-char -nostdlib -I /home/onaips/Desktop/android-ndk-r4-crystax/build/platforms/android-3/arch-arm/usr/include/ conftest.c >&5
conftest.c: In function 'main':
conftest.c:62: error: size of array 'test_array' is negative
configure:12829: $? = 1
configure: failed program was:
| /* confdefs.h.  */
| #define PACKAGE_NAME ""
| #define PACKAGE_TARNAME ""
| #define PACKAGE_VERSION ""
| #define PACKAGE_STRING ""
| #define PACKAGE_BUGREPORT ""
| #define PACKAGE "libogg"
| #define VERSION "1.2.0"
| #define STDC_HEADERS 1
| #define HAVE_SYS_TYPES_H 1
| #define HAVE_SYS_STAT_H 1
| #define HAVE_STDLIB_H 1
| #define HAVE_STRING_H 1
| #define HAVE_MEMORY_H 1
| #define HAVE_STRINGS_H 1
| #define HAVE_INTTYPES_H 1
| #define HAVE_STDINT_H 1
| #define HAVE_UNISTD_H 1
| #define HAVE_DLFCN_H 1
| #define LT_OBJDIR ".libs/"
| #define STDC_HEADERS 1
| #define SIZEOF_SHORT 2
| #define SIZEOF_INT 4
| /* end confdefs.h.  */
| #include <stdio.h>
| #ifdef HAVE_SYS_TYPES_H
| # include <sys/types.h>
| #endif
| #ifdef HAVE_SYS_STAT_H
| # include <sys/stat.h>
| #endif
| #ifdef STDC_HEADERS
| # include <stdlib.h>
| # include <stddef.h>
| #else
| # ifdef HAVE_STDLIB_H
| #  include <stdlib.h>
| # endif
| #endif
| #ifdef HAVE_STRING_H
| # if !defined STDC_HEADERS && defined HAVE_MEMORY_H
| #  include <memory.h>
| # endif
| # include <string.h>
| #endif
| #ifdef HAVE_STRINGS_H
| # include <strings.h>
| #endif
| #ifdef HAVE_INTTYPES_H
| # include <inttypes.h>
| #endif
| #ifdef HAVE_STDINT_H
| # include <stdint.h>
| #endif
| #ifdef HAVE_UNISTD_H
| # include <unistd.h>
| #endif
|    typedef long ac__type_sizeof_;
| int
| main ()
| {
| static int test_array [1 - 2 * !(((long int) (sizeof (ac__type_sizeof_))) <= 0)];
| test_array [0] = 0
| 
|   ;
|   return 0;
| }
configure:12823: arm-eabi-gcc -c -O20 -fsigned-char -nostdlib -I /home/onaips/Desktop/android-ndk-r4-crystax/build/platforms/android-3/arch-arm/usr/include/ conftest.c >&5
conftest.c: In function 'main':
conftest.c:62: error: size of array 'test_array' is negative
configure:12829: $? = 1
configure: failed program was:
| /* confdefs.h.  */
| #define PACKAGE_NAME ""
| #define PACKAGE_TARNAME ""
| #define PACKAGE_VERSION ""
| #define PACKAGE_STRING ""
| #define PACKAGE_BUGREPORT ""
| #define PACKAGE "libogg"
| #define VERSION "1.2.0"
| #define STDC_HEADERS 1
| #define HAVE_SYS_TYPES_H 1
| #define HAVE_SYS_STAT_H 1
| #define HAVE_STDLIB_H 1
| #define HAVE_STRING_H 1
| #define HAVE_MEMORY_H 1
| #define HAVE_STRINGS_H 1
| #define HAVE_INTTYPES_H 1
| #define HAVE_STDINT_H 1
| #define HAVE_UNISTD_H 1
| #define HAVE_DLFCN_H 1
| #define LT_OBJDIR ".libs/"
| #define STDC_HEADERS 1
| #define SIZEOF_SHORT 2
| #define SIZEOF_INT 4
| /* end confdefs.h.  */
| #include <stdio.h>
| #ifdef HAVE_SYS_TYPES_H
| # include <sys/types.h>
| #endif
| #ifdef HAVE_SYS_STAT_H
| # include <sys/stat.h>
| #endif
| #ifdef STDC_HEADERS
| # include <stdlib.h>
| # include <stddef.h>
| #else
| # ifdef HAVE_STDLIB_H
| #  include <stdlib.h>
| # endif
| #endif
| #ifdef HAVE_STRING_H
| # if !defined STDC_HEADERS && defined HAVE_MEMORY_H
| #  include <memory.h>
| # endif
| # include <string.h>
| #endif
| #ifdef HAVE_STRINGS_H
| # include <strings.h>
| #endif
| #ifdef HAVE_INTTYPES_H
| # include <inttypes.h>
| #endif
| #ifdef HAVE_STDINT_H
| # include <stdint.h>
| #endif
| #ifdef HAVE_UNISTD_H
| # include <unistd.h>
| #endif
|    typedef long ac__type_sizeof_;
| int
| main ()
| {
| static int test_array [1 - 2 * !(((long int) (sizeof (ac__type_sizeof_))) <= 1)];
| test_array [0] = 0
| 
|   ;
|   return 0;
| }
configure:12823: arm-eabi-gcc -c -O20 -fsigned-char -nostdlib -I /home/onaips/Desktop/android-ndk-r4-crystax/build/platforms/android-3/arch-arm/usr/include/ conftest.c >&5
conftest.c: In function 'main':
conftest.c:62: error: size of array 'test_array' is negative
configure:12829: $? = 1
configure: failed program was:
| /* confdefs.h.  */
| #define PACKAGE_NAME ""
| #define PACKAGE_TARNAME ""
| #define PACKAGE_VERSION ""
| #define PACKAGE_STRING ""
| #define PACKAGE_BUGREPORT ""
| #define PACKAGE "libogg"
| #define VERSION "1.2.0"
| #define STDC_HEADERS 1
| #define HAVE_SYS_TYPES_H 1
| #define HAVE_SYS_STAT_H 1
| #define HAVE_STDLIB_H 1
| #define HAVE_STRING_H 1
| #define HAVE_MEMORY_H 1
| #define HAVE_STRINGS_H 1
| #define HAVE_INTTYPES_H 1
| #define HAVE_STDINT_H 1
| #define HAVE_UNISTD_H 1
| #define HAVE_DLFCN_H 1
| #define LT_OBJDIR ".libs/"
| #define STDC_HEADERS 1
| #define SIZEOF_SHORT 2
| #define SIZEOF_INT 4
| /* end confdefs.h.  */
| #include <stdio.h>
| #ifdef HAVE_SYS_TYPES_H
| # include <sys/types.h>
| #endif
| #ifdef HAVE_SYS_STAT_H
| # include <sys/stat.h>
| #endif
| #ifdef STDC_HEADERS
| # include <stdlib.h>
| # include <stddef.h>
| #else
| # ifdef HAVE_STDLIB_H
| #  include <stdlib.h>
| # endif
| #endif
| #ifdef HAVE_STRING_H
| # if !defined STDC_HEADERS && defined HAVE_MEMORY_H
| #  include <memory.h>
| # endif
| # include <string.h>
| #endif
| #ifdef HAVE_STRINGS_H
| # include <strings.h>
| #endif
| #ifdef HAVE_INTTYPES_H
| # include <inttypes.h>
| #endif
| #ifdef HAVE_STDINT_H
| # include <stdint.h>
| #endif
| #ifdef HAVE_UNISTD_H
| # include <unistd.h>
| #endif
|    typedef long ac__type_sizeof_;
| int
| main ()
| {
| static int test_array [1 - 2 * !(((long int) (sizeof (ac__type_sizeof_))) <= 3)];
| test_array [0] = 0
| 
|   ;
|   return 0;
| }
configure:12823: arm-eabi-gcc -c -O20 -fsigned-char -nostdlib -I /home/onaips/Desktop/android-ndk-r4-crystax/build/platforms/android-3/arch-arm/usr/include/ conftest.c >&5
configure:12829: $? = 0
configure:12978: arm-eabi-gcc -c -O20 -fsigned-char -nostdlib -I /home/onaips/Desktop/android-ndk-r4-crystax/build/platforms/android-3/arch-arm/usr/include/ conftest.c >&5
configure:12984: $? = 0
configure:12978: arm-eabi-gcc -c -O20 -fsigned-char -nostdlib -I /home/onaips/Desktop/android-ndk-r4-crystax/build/platforms/android-3/arch-arm/usr/include/ conftest.c >&5
configure:12984: $? = 0
configure:13092: result: 4
configure:13102: checking for long long
configure:13132: arm-eabi-gcc -c -O20 -fsigned-char -nostdlib -I /home/onaips/Desktop/android-ndk-r4-crystax/build/platforms/android-3/arch-arm/usr/include/ conftest.c >&5
configure:13138: $? = 0
configure:13153: result: yes
configure:13160: checking size of long long
configure:13191: arm-eabi-gcc -c -O20 -fsigned-char -nostdlib -I /home/onaips/Desktop/android-ndk-r4-crystax/build/platforms/android-3/arch-arm/usr/include/ conftest.c >&5
configure:13197: $? = 0
configure:13228: arm-eabi-gcc -c -O20 -fsigned-char -nostdlib -I /home/onaips/Desktop/android-ndk-r4-crystax/build/platforms/android-3/arch-arm/usr/include/ conftest.c >&5
conftest.c: In function 'main':
conftest.c:63: error: size of array 'test_array' is negative
configure:13234: $? = 1
configure: failed program was:
| /* confdefs.h.  */
| #define PACKAGE_NAME ""
| #define PACKAGE_TARNAME ""
| #define PACKAGE_VERSION ""
| #define PACKAGE_STRING ""
| #define PACKAGE_BUGREPORT ""
| #define PACKAGE "libogg"
| #define VERSION "1.2.0"
| #define STDC_HEADERS 1
| #define HAVE_SYS_TYPES_H 1
| #define HAVE_SYS_STAT_H 1
| #define HAVE_STDLIB_H 1
| #define HAVE_STRING_H 1
| #define HAVE_MEMORY_H 1
| #define HAVE_STRINGS_H 1
| #define HAVE_INTTYPES_H 1
| #define HAVE_STDINT_H 1
| #define HAVE_UNISTD_H 1
| #define HAVE_DLFCN_H 1
| #define LT_OBJDIR ".libs/"
| #define STDC_HEADERS 1
| #define SIZEOF_SHORT 2
| #define SIZEOF_INT 4
| #define SIZEOF_LONG 4
| /* end confdefs.h.  */
| #include <stdio.h>
| #ifdef HAVE_SYS_TYPES_H
| # include <sys/types.h>
| #endif
| #ifdef HAVE_SYS_STAT_H
| # include <sys/stat.h>
| #endif
| #ifdef STDC_HEADERS
| # include <stdlib.h>
| # include <stddef.h>
| #else
| # ifdef HAVE_STDLIB_H
| #  include <stdlib.h>
| # endif
| #endif
| #ifdef HAVE_STRING_H
| # if !defined STDC_HEADERS && defined HAVE_MEMORY_H
| #  include <memory.h>
| # endif
| # include <string.h>
| #endif
| #ifdef HAVE_STRINGS_H
| # include <strings.h>
| #endif
| #ifdef HAVE_INTTYPES_H
| # include <inttypes.h>
| #endif
| #ifdef HAVE_STDINT_H
| # include <stdint.h>
| #endif
| #ifdef HAVE_UNISTD_H
| # include <unistd.h>
| #endif
|    typedef long long ac__type_sizeof_;
| int
| main ()
| {
| static int test_array [1 - 2 * !(((long int) (sizeof (ac__type_sizeof_))) <= 0)];
| test_array [0] = 0
| 
|   ;
|   return 0;
| }
configure:13228: arm-eabi-gcc -c -O20 -fsigned-char -nostdlib -I /home/onaips/Desktop/android-ndk-r4-crystax/build/platforms/android-3/arch-arm/usr/include/ conftest.c >&5
conftest.c: In function 'main':
conftest.c:63: error: size of array 'test_array' is negative
configure:13234: $? = 1
configure: failed program was:
| /* confdefs.h.  */
| #define PACKAGE_NAME ""
| #define PACKAGE_TARNAME ""
| #define PACKAGE_VERSION ""
| #define PACKAGE_STRING ""
| #define PACKAGE_BUGREPORT ""
| #define PACKAGE "libogg"
| #define VERSION "1.2.0"
| #define STDC_HEADERS 1
| #define HAVE_SYS_TYPES_H 1
| #define HAVE_SYS_STAT_H 1
| #define HAVE_STDLIB_H 1
| #define HAVE_STRING_H 1
| #define HAVE_MEMORY_H 1
| #define HAVE_STRINGS_H 1
| #define HAVE_INTTYPES_H 1
| #define HAVE_STDINT_H 1
| #define HAVE_UNISTD_H 1
| #define HAVE_DLFCN_H 1
| #define LT_OBJDIR ".libs/"
| #define STDC_HEADERS 1
| #define SIZEOF_SHORT 2
| #define SIZEOF_INT 4
| #define SIZEOF_LONG 4
| /* end confdefs.h.  */
| #include <stdio.h>
| #ifdef HAVE_SYS_TYPES_H
| # include <sys/types.h>
| #endif
| #ifdef HAVE_SYS_STAT_H
| # include <sys/stat.h>
| #endif
| #ifdef STDC_HEADERS
| # include <stdlib.h>
| # include <stddef.h>
| #else
| # ifdef HAVE_STDLIB_H
| #  include <stdlib.h>
| # endif
| #endif
| #ifdef HAVE_STRING_H
| # if !defined STDC_HEADERS && defined HAVE_MEMORY_H
| #  include <memory.h>
| # endif
| # include <string.h>
| #endif
| #ifdef HAVE_STRINGS_H
| # include <strings.h>
| #endif
| #ifdef HAVE_INTTYPES_H
| # include <inttypes.h>
| #endif
| #ifdef HAVE_STDINT_H
| # include <stdint.h>
| #endif
| #ifdef HAVE_UNISTD_H
| # include <unistd.h>
| #endif
|    typedef long long ac__type_sizeof_;
| int
| main ()
| {
| static int test_array [1 - 2 * !(((long int) (sizeof (ac__type_sizeof_))) <= 1)];
| test_array [0] = 0
| 
|   ;
|   return 0;
| }
configure:13228: arm-eabi-gcc -c -O20 -fsigned-char -nostdlib -I /home/onaips/Desktop/android-ndk-r4-crystax/build/platforms/android-3/arch-arm/usr/include/ conftest.c >&5
conftest.c: In function 'main':
conftest.c:63: error: size of array 'test_array' is negative
configure:13234: $? = 1
configure: failed program was:
| /* confdefs.h.  */
| #define PACKAGE_NAME ""
| #define PACKAGE_TARNAME ""
| #define PACKAGE_VERSION ""
| #define PACKAGE_STRING ""
| #define PACKAGE_BUGREPORT ""
| #define PACKAGE "libogg"
| #define VERSION "1.2.0"
| #define STDC_HEADERS 1
| #define HAVE_SYS_TYPES_H 1
| #define HAVE_SYS_STAT_H 1
| #define HAVE_STDLIB_H 1
| #define HAVE_STRING_H 1
| #define HAVE_MEMORY_H 1
| #define HAVE_STRINGS_H 1
| #define HAVE_INTTYPES_H 1
| #define HAVE_STDINT_H 1
| #define HAVE_UNISTD_H 1
| #define HAVE_DLFCN_H 1
| #define LT_OBJDIR ".libs/"
| #define STDC_HEADERS 1
| #define SIZEOF_SHORT 2
| #define SIZEOF_INT 4
| #define SIZEOF_LONG 4
| /* end confdefs.h.  */
| #include <stdio.h>
| #ifdef HAVE_SYS_TYPES_H
| # include <sys/types.h>
| #endif
| #ifdef HAVE_SYS_STAT_H
| # include <sys/stat.h>
| #endif
| #ifdef STDC_HEADERS
| # include <stdlib.h>
| # include <stddef.h>
| #else
| # ifdef HAVE_STDLIB_H
| #  include <stdlib.h>
| # endif
| #endif
| #ifdef HAVE_STRING_H
| # if !defined STDC_HEADERS && defined HAVE_MEMORY_H
| #  include <memory.h>
| # endif
| # include <string.h>
| #endif
| #ifdef HAVE_STRINGS_H
| # include <strings.h>
| #endif
| #ifdef HAVE_INTTYPES_H
| # include <inttypes.h>
| #endif
| #ifdef HAVE_STDINT_H
| # include <stdint.h>
| #endif
| #ifdef HAVE_UNISTD_H
| # include <unistd.h>
| #endif
|    typedef long long ac__type_sizeof_;
| int
| main ()
| {
| static int test_array [1 - 2 * !(((long int) (sizeof (ac__type_sizeof_))) <= 3)];
| test_array [0] = 0
| 
|   ;
|   return 0;
| }
configure:13228: arm-eabi-gcc -c -O20 -fsigned-char -nostdlib -I /home/onaips/Desktop/android-ndk-r4-crystax/build/platforms/android-3/arch-arm/usr/include/ conftest.c >&5
conftest.c: In function 'main':
conftest.c:63: error: size of array 'test_array' is negative
configure:13234: $? = 1
configure: failed program was:
| /* confdefs.h.  */
| #define PACKAGE_NAME ""
| #define PACKAGE_TARNAME ""
| #define PACKAGE_VERSION ""
| #define PACKAGE_STRING ""
| #define PACKAGE_BUGREPORT ""
| #define PACKAGE "libogg"
| #define VERSION "1.2.0"
| #define STDC_HEADERS 1
| #define HAVE_SYS_TYPES_H 1
| #define HAVE_SYS_STAT_H 1
| #define HAVE_STDLIB_H 1
| #define HAVE_STRING_H 1
| #define HAVE_MEMORY_H 1
| #define HAVE_STRINGS_H 1
| #define HAVE_INTTYPES_H 1
| #define HAVE_STDINT_H 1
| #define HAVE_UNISTD_H 1
| #define HAVE_DLFCN_H 1
| #define LT_OBJDIR ".libs/"
| #define STDC_HEADERS 1
| #define SIZEOF_SHORT 2
| #define SIZEOF_INT 4
| #define SIZEOF_LONG 4
| /* end confdefs.h.  */
| #include <stdio.h>
| #ifdef HAVE_SYS_TYPES_H
| # include <sys/types.h>
| #endif
| #ifdef HAVE_SYS_STAT_H
| # include <sys/stat.h>
| #endif
| #ifdef STDC_HEADERS
| # include <stdlib.h>
| # include <stddef.h>
| #else
| # ifdef HAVE_STDLIB_H
| #  include <stdlib.h>
| # endif
| #endif
| #ifdef HAVE_STRING_H
| # if !defined STDC_HEADERS && defined HAVE_MEMORY_H
| #  include <memory.h>
| # endif
| # include <string.h>
| #endif
| #ifdef HAVE_STRINGS_H
| # include <strings.h>
| #endif
| #ifdef HAVE_INTTYPES_H
| # include <inttypes.h>
| #endif
| #ifdef HAVE_STDINT_H
| # include <stdint.h>
| #endif
| #ifdef HAVE_UNISTD_H
| # include <unistd.h>
| #endif
|    typedef long long ac__type_sizeof_;
| int
| main ()
| {
| static int test_array [1 - 2 * !(((long int) (sizeof (ac__type_sizeof_))) <= 7)];
| test_array [0] = 0
| 
|   ;
|   return 0;
| }
configure:13228: arm-eabi-gcc -c -O20 -fsigned-char -nostdlib -I /home/onaips/Desktop/android-ndk-r4-crystax/build/platforms/android-3/arch-arm/usr/include/ conftest.c >&5
configure:13234: $? = 0
configure:13383: arm-eabi-gcc -c -O20 -fsigned-char -nostdlib -I /home/onaips/Desktop/android-ndk-r4-crystax/build/platforms/android-3/arch-arm/usr/include/ conftest.c >&5
configure:13389: $? = 0
configure:13383: arm-eabi-gcc -c -O20 -fsigned-char -nostdlib -I /home/onaips/Desktop/android-ndk-r4-crystax/build/platforms/android-3/arch-arm/usr/include/ conftest.c >&5
configure:13389: $? = 0
configure:13383: arm-eabi-gcc -c -O20 -fsigned-char -nostdlib -I /home/onaips/Desktop/android-ndk-r4-crystax/build/platforms/android-3/arch-arm/usr/include/ conftest.c >&5
configure:13389: $? = 0
configure:13497: result: 8
configure:13591: checking for working memcmp
configure:13672: result: no
configure:13818: creating ./config.status

## ---------------------- ##
## Running config.status. ##
## ---------------------- ##

This file was extended by config.status, which was
generated by GNU Autoconf 2.61.  Invocation command line was

  CONFIG_FILES    = 
  CONFIG_HEADERS  = 
  CONFIG_LINKS    = 
  CONFIG_COMMANDS = 
  $ ./config.status 

on onaips-laptop

config.status:867: creating Makefile
config.status:867: creating src/Makefile
config.status:867: creating doc/Makefile
config.status:867: creating doc/libogg/Makefile
config.status:867: creating include/Makefile
config.status:867: creating include/ogg/Makefile
config.status:867: creating include/ogg/config_types.h
config.status:867: creating libogg.spec
config.status:867: creating ogg.pc
config.status:867: creating ogg-uninstalled.pc
config.status:867: creating config.h
config.status:1140: executing depfiles commands
config.status:1140: executing libtool commands

## ---------------- ##
## Cache variables. ##
## ---------------- ##

ac_cv_build=i686-pc-linux-gnulibc1
ac_cv_c_compiler_gnu=yes
ac_cv_c_const=yes
ac_cv_env_CC_set=set
ac_cv_env_CC_value=arm-eabi-gcc
ac_cv_env_CFLAGS_set=set
ac_cv_env_CFLAGS_value=-nostdlib
ac_cv_env_CPPFLAGS_set=set
ac_cv_env_CPPFLAGS_value='-I /home/onaips/Desktop/android-ndk-r4-crystax/build/platforms/android-3/arch-arm/usr/include/'
ac_cv_env_CPP_set=
ac_cv_env_CPP_value=
ac_cv_env_LDFLAGS_set=set
ac_cv_env_LDFLAGS_value='-Wl,-rpath-link=/home/onaips/Desktop/android-ndk-r4-crystax//build/platforms/android-3/arch-arm/usr/lib/ -L/home/onaips/Desktop/android-ndk-r4-crystax//build/platforms/android-3/arch-arm/usr/lib/'
ac_cv_env_LIBS_set=set
ac_cv_env_LIBS_value=-lc
ac_cv_env_build_alias_set=
ac_cv_env_build_alias_value=
ac_cv_env_host_alias_set=set
ac_cv_env_host_alias_value=arm-eabi
ac_cv_env_target_alias_set=
ac_cv_env_target_alias_value=
ac_cv_func_memcmp_working=no
ac_cv_header_dlfcn_h=yes
ac_cv_header_inttypes_h=yes
ac_cv_header_memory_h=yes
ac_cv_header_stdc=yes
ac_cv_header_stdint_h=yes
ac_cv_header_stdlib_h=yes
ac_cv_header_string_h=yes
ac_cv_header_strings_h=yes
ac_cv_header_sys_stat_h=yes
ac_cv_header_sys_types_h=yes
ac_cv_header_unistd_h=yes
ac_cv_host=arm-unknown-eabi
ac_cv_objext=o
ac_cv_path_EGREP='/bin/grep -E'
ac_cv_path_FGREP='/bin/grep -F'
ac_cv_path_GREP=/bin/grep
ac_cv_path_SED=/bin/sed
ac_cv_path_install='/usr/bin/install -c'
ac_cv_prog_AR=arm-eabi-ar
ac_cv_prog_AWK=gawk
ac_cv_prog_CC=arm-eabi-gcc
ac_cv_prog_CPP='arm-eabi-gcc -E'
ac_cv_prog_OBJDUMP=arm-eabi-objdump
ac_cv_prog_RANLIB=arm-eabi-ranlib
ac_cv_prog_STRIP=arm-eabi-strip
ac_cv_prog_cc_arm_eabi_gcc_c_o=yes
ac_cv_prog_cc_c89=
ac_cv_prog_cc_g=yes
ac_cv_prog_make_make_set=yes
ac_cv_sizeof_int=4
ac_cv_sizeof_long=4
ac_cv_sizeof_long_long=8
ac_cv_sizeof_short=2
ac_cv_type_int=yes
ac_cv_type_long=yes
ac_cv_type_long_long=yes
ac_cv_type_short=yes
am_cv_CC_dependencies_compiler_type=gcc3
has_cv_int16_t=no
has_cv_int32_t=no
has_cv_int64_t=no
has_cv_u_int16_t=no
has_cv_u_int32_t=no
has_cv_uint16_t=no
has_cv_uint32_t=no
lt_cv_deplibs_check_method=unknown
lt_cv_file_magic_cmd='$MAGIC_CMD'
lt_cv_file_magic_test_file=
lt_cv_ld_reload_flag=-r
lt_cv_nm_interface='BSD nm'
lt_cv_objdir=.libs
lt_cv_path_LD=/home/onaips/Desktop/android-ndk-r4-crystax/build/prebuilt/linux-x86/arm-eabi-4.2.1/arm-eabi/bin/ld
lt_cv_path_NM='/home/onaips/Desktop/android-ndk-r4-crystax//build/prebuilt/linux-x86/arm-eabi-4.2.1/bin//arm-eabi-nm -B'
lt_cv_prog_compiler_c_o=yes
lt_cv_prog_compiler_pic_works=yes
lt_cv_prog_compiler_rtti_exceptions=no
lt_cv_prog_compiler_static_works=no
lt_cv_prog_gnu_ld=yes
lt_cv_sys_global_symbol_pipe='sed -n -e '\''s/^.*[	 ]\([ABCDGIRSTW][ABCDGIRSTW]*\)[	 ][	 ]*\([_A-Za-z][_A-Za-z0-9]*\)$/\1 \2 \2/p'\'''
lt_cv_sys_global_symbol_to_c_name_address='sed -n -e '\''s/^: \([^ ]*\) $/  {\"\1\", (void *) 0},/p'\'' -e '\''s/^[ABCDGIRSTW]* \([^ ]*\) \([^ ]*\)$/  {"\2", (void *) \&\2},/p'\'''
lt_cv_sys_global_symbol_to_c_name_address_lib_prefix='sed -n -e '\''s/^: \([^ ]*\) $/  {\"\1\", (void *) 0},/p'\'' -e '\''s/^[ABCDGIRSTW]* \([^ ]*\) \(lib[^ ]*\)$/  {"\2", (void *) \&\2},/p'\'' -e '\''s/^[ABCDGIRSTW]* \([^ ]*\) \([^ ]*\)$/  {"lib\2", (void *) \&\2},/p'\'''
lt_cv_sys_global_symbol_to_cdecl='sed -n -e '\''s/^T .* \(.*\)$/extern int \1();/p'\'' -e '\''s/^[ABCDGIRSTW]* .* \(.*\)$/extern char \1;/p'\'''
lt_cv_sys_max_cmd_len=1572864

## ----------------- ##
## Output variables. ##
## ----------------- ##

ACLOCAL='${SHELL} /home/onaips/workspace/supertux2/jni/ogg/missing --run aclocal-1.9'
AMDEPBACKSLASH='\'
AMDEP_FALSE='#'
AMDEP_TRUE=''
AMTAR='${SHELL} /home/onaips/workspace/supertux2/jni/ogg/missing --run tar'
AR='arm-eabi-ar'
AUTOCONF='${SHELL} /home/onaips/workspace/supertux2/jni/ogg/missing --run autoconf'
AUTOHEADER='${SHELL} /home/onaips/workspace/supertux2/jni/ogg/missing --run autoheader'
AUTOMAKE='${SHELL} /home/onaips/workspace/supertux2/jni/ogg/missing --run automake-1.9'
AWK='gawk'
CC='arm-eabi-gcc'
CCDEPMODE='depmode=gcc3'
CFLAGS='-O20 -fsigned-char -nostdlib'
CPP='arm-eabi-gcc -E'
CPPFLAGS='-I /home/onaips/Desktop/android-ndk-r4-crystax/build/platforms/android-3/arch-arm/usr/include/'
CYGPATH_W='echo'
DEBUG='-g -Wall -fsigned-char -nostdlib'
DEFS='-DHAVE_CONFIG_H'
DEPDIR='.deps'
DSYMUTIL=''
DUMPBIN=''
ECHO_C=''
ECHO_N='-n'
ECHO_T=''
EGREP='/bin/grep -E'
EXEEXT=''
FGREP='/bin/grep -F'
GREP='/bin/grep'
INSTALL_DATA='${INSTALL} -m 644'
INSTALL_PROGRAM='${INSTALL}'
INSTALL_SCRIPT='${INSTALL}'
INSTALL_STRIP_PROGRAM='${SHELL} $(install_sh) -c -s'
LD='/home/onaips/Desktop/android-ndk-r4-crystax/build/prebuilt/linux-x86/arm-eabi-4.2.1/arm-eabi/bin/ld'
LDFLAGS='-Wl,-rpath-link=/home/onaips/Desktop/android-ndk-r4-crystax//build/platforms/android-3/arch-arm/usr/lib/ -L/home/onaips/Desktop/android-ndk-r4-crystax//build/platforms/android-3/arch-arm/usr/lib/'
LIBOBJS=' ${LIBOBJDIR}memcmp$U.o'
LIBS='-lc'
LIBTOOL='$(SHELL) $(top_builddir)/libtool'
LIBTOOL_DEPS='./ltmain.sh'
LIB_AGE='7'
LIB_CURRENT='7'
LIB_REVISION='0'
LIPO=''
LN_S='ln -s'
LTLIBOBJS=' ${LIBOBJDIR}memcmp$U.lo'
MAINT='#'
MAINTAINER_MODE_FALSE=''
MAINTAINER_MODE_TRUE='#'
MAKEINFO='${SHELL} /home/onaips/workspace/supertux2/jni/ogg/missing --run makeinfo'
NM='/home/onaips/Desktop/android-ndk-r4-crystax//build/prebuilt/linux-x86/arm-eabi-4.2.1/bin//arm-eabi-nm -B'
NMEDIT=''
OBJDUMP='arm-eabi-objdump'
OBJEXT='o'
OPT=''
OTOOL64=''
OTOOL=''
PACKAGE='libogg'
PACKAGE_BUGREPORT=''
PACKAGE_NAME=''
PACKAGE_STRING=''
PACKAGE_TARNAME=''
PACKAGE_VERSION=''
PATH_SEPARATOR=':'
PROFILE='-O20 -g -pg -fsigned-char -nostdlib'
RANLIB='arm-eabi-ranlib'
SED='/bin/sed'
SET_MAKE=''
SHELL='/bin/bash'
SIZE16='short'
SIZE32='int'
SIZE64='long long'
STRIP='arm-eabi-strip'
USIZE16='unsigned short'
USIZE32='unsigned int'
VERSION='1.2.0'
ac_ct_CC=''
ac_ct_DUMPBIN=''
am__fastdepCC_FALSE='#'
am__fastdepCC_TRUE=''
am__include='include'
am__leading_dot='.'
am__quote=''
am__tar='${AMTAR} chof - "$$tardir"'
am__untar='${AMTAR} xf -'
bindir='${exec_prefix}/bin'
build='i686-pc-linux-gnulibc1'
build_alias=''
build_cpu='i686'
build_os='linux-gnulibc1'
build_vendor='pc'
datadir='${datarootdir}'
datarootdir='${prefix}/share'
docdir='${datarootdir}/doc/${PACKAGE}'
dvidir='${docdir}'
exec_prefix='${prefix}'
host='arm-unknown-eabi'
host_alias='arm-eabi'
host_cpu='arm'
host_os='eabi'
host_vendor='unknown'
htmldir='${docdir}'
includedir='${prefix}/include'
infodir='${datarootdir}/info'
install_sh='/home/onaips/workspace/supertux2/jni/ogg/install-sh'
libdir='${exec_prefix}/lib'
libexecdir='${exec_prefix}/libexec'
localedir='${datarootdir}/locale'
localstatedir='${prefix}/var'
lt_ECHO='echo'
mandir='${datarootdir}/man'
mkdir_p='mkdir -p --'
oldincludedir='/usr/include'
pdfdir='${docdir}'
prefix='/usr/local'
program_transform_name='s,x,x,'
psdir='${docdir}'
sbindir='${exec_prefix}/sbin'
sharedstatedir='${prefix}/com'
sysconfdir='${prefix}/etc'
target_alias=''

## ----------- ##
## confdefs.h. ##
## ----------- ##

#define PACKAGE_NAME ""
#define PACKAGE_TARNAME ""
#define PACKAGE_VERSION ""
#define PACKAGE_STRING ""
#define PACKAGE_BUGREPORT ""
#define PACKAGE "libogg"
#define VERSION "1.2.0"
#define STDC_HEADERS 1
#define HAVE_SYS_TYPES_H 1
#define HAVE_SYS_STAT_H 1
#define HAVE_STDLIB_H 1
#define HAVE_STRING_H 1
#define HAVE_MEMORY_H 1
#define HAVE_STRINGS_H 1
#define HAVE_INTTYPES_H 1
#define HAVE_STDINT_H 1
#define HAVE_UNISTD_H 1
#define HAVE_DLFCN_H 1
#define LT_OBJDIR ".libs/"
#define STDC_HEADERS 1
#define SIZEOF_SHORT 2
#define SIZEOF_INT 4
#define SIZEOF_LONG 4
#define SIZEOF_LONG_LONG 8

configure: exit 0
